<?xml version="1.0" encoding="UTF-8"?>
<!-- Generated by org.testng.reporters.JUnitReportReporter -->
<testsuite hostname="sr18" name="TestAuto.duplicatedata" tests="1" failures="0" timestamp="17 Apr 2020 17:46:24 GMT" time="1.130" errors="0">
  <testcase name="test" time="1.130" classname="TestAuto.duplicatedata"/>
</testsuite> <!-- TestAuto.duplicatedata -->
