<?xml version="1.0" encoding="UTF-8"?>
<!-- Generated by org.testng.reporters.JUnitReportReporter -->
<testsuite hostname="sr18" name="TestAuto.LoginPageTest" tests="5" failures="0" timestamp="4 Apr 2020 14:45:00 GMT" time="60.276" errors="0">
  <testcase name="test" time="3.169" classname="TestAuto.LoginPageTest"/>
  <testcase name="TestOracle" time="5.451" classname="TestAuto.LoginPageTest"/>
  <testcase name="DataforTest" time="37.600" classname="TestAuto.LoginPageTest"/>
  <testcase name="TestOracle" time="8.776" classname="TestAuto.LoginPageTest"/>
  <testcase name="TestOracle" time="5.280" classname="TestAuto.LoginPageTest"/>
</testsuite> <!-- TestAuto.LoginPageTest -->
